2025-01-27T21:01:28.443+01:00  INFO 17916 --- [main] com.uus.Application                      : Starting Application using Java 17.0.12 with PID 17916 (C:\Users\mali2\Documents\GitHub\UUS\java-service\target\classes started by mali2 in C:\Users\mali2\Documents\GitHub\UUS\java-service)
2025-01-27T21:01:28.447+01:00 DEBUG 17916 --- [main] com.uus.Application                      : Running with Spring Boot v3.2.3, Spring v6.1.4
2025-01-27T21:01:28.449+01:00  INFO 17916 --- [main] com.uus.Application                      : No active profile set, falling back to 1 default profile: "default"
2025-01-27T21:01:28.841+01:00  INFO 17916 --- [main] .s.d.r.c.RepositoryConfigurationDelegate : Bootstrapping Spring Data JPA repositories in DEFAULT mode.
2025-01-27T21:01:28.879+01:00  INFO 17916 --- [main] .s.d.r.c.RepositoryConfigurationDelegate : Finished Spring Data repository scanning in 32 ms. Found 4 JPA repository interfaces.
2025-01-27T21:01:29.226+01:00  INFO 17916 --- [main] o.s.b.w.embedded.tomcat.TomcatWebServer  : Tomcat initialized with port 8081 (http)
2025-01-27T21:01:29.240+01:00  INFO 17916 --- [main] o.apache.catalina.core.StandardService   : Starting service [Tomcat]
2025-01-27T21:01:29.240+01:00  INFO 17916 --- [main] o.apache.catalina.core.StandardEngine    : Starting Servlet engine: [Apache Tomcat/10.1.19]
2025-01-27T21:01:29.282+01:00  INFO 17916 --- [main] o.a.c.c.C.[Tomcat].[localhost].[/]       : Initializing Spring embedded WebApplicationContext
2025-01-27T21:01:29.283+01:00  INFO 17916 --- [main] w.s.c.ServletWebServerApplicationContext : Root WebApplicationContext: initialization completed in 799 ms
2025-01-27T21:01:29.370+01:00  INFO 17916 --- [main] o.hibernate.jpa.internal.util.LogHelper  : HHH000204: Processing PersistenceUnitInfo [name: default]
2025-01-27T21:01:29.405+01:00  INFO 17916 --- [main] org.hibernate.Version                    : HHH000412: Hibernate ORM core version 6.4.4.Final
2025-01-27T21:01:29.431+01:00  INFO 17916 --- [main] o.h.c.internal.RegionFactoryInitiator    : HHH000026: Second-level cache disabled
2025-01-27T21:01:29.581+01:00  INFO 17916 --- [main] o.s.o.j.p.SpringPersistenceUnitInfo      : No LoadTimeWeaver setup: ignoring JPA class transformer
2025-01-27T21:01:29.596+01:00  INFO 17916 --- [main] com.zaxxer.hikari.HikariDataSource       : HikariPool-1 - Starting...
2025-01-27T21:01:29.707+01:00  INFO 17916 --- [main] com.zaxxer.hikari.pool.HikariPool        : HikariPool-1 - Added connection com.mysql.cj.jdbc.ConnectionImpl@7f4e5a39
2025-01-27T21:01:29.710+01:00  INFO 17916 --- [main] com.zaxxer.hikari.HikariDataSource       : HikariPool-1 - Start completed.
2025-01-27T21:01:29.723+01:00  WARN 17916 --- [main] org.hibernate.orm.deprecation            : HHH90000025: MySQL8Dialect does not need to be specified explicitly using 'hibernate.dialect' (remove the property setting and it will be selected by default)
2025-01-27T21:01:29.723+01:00  WARN 17916 --- [main] org.hibernate.orm.deprecation            : HHH90000026: MySQL8Dialect has been deprecated; use org.hibernate.dialect.MySQLDialect instead
2025-01-27T21:01:30.291+01:00  INFO 17916 --- [main] o.h.e.t.j.p.i.JtaPlatformInitiator       : HHH000489: No JTA platform available (set 'hibernate.transaction.jta.platform' to enable JTA platform integration)
2025-01-27T21:01:30.666+01:00  WARN 17916 --- [main] o.h.t.s.i.ExceptionHandlerLoggedImpl     : GenerationTarget encountered exception accepting command : Error executing DDL "alter table user modify column id bigint not null auto_increment" via JDBC [Cannot change column 'id': used in a foreign key constraint 'apply_erasmus_ibfk_1' of table 'uusdb.apply_erasmus']

org.hibernate.tool.schema.spi.CommandAcceptanceException: Error executing DDL "alter table user modify column id bigint not null auto_increment" via JDBC [Cannot change column 'id': used in a foreign key constraint 'apply_erasmus_ibfk_1' of table 'uusdb.apply_erasmus']
	at org.hibernate.tool.schema.internal.exec.GenerationTargetToDatabase.accept(GenerationTargetToDatabase.java:94) ~[hibernate-core-6.4.4.Final.jar:6.4.4.Final]
	at org.hibernate.tool.schema.internal.AbstractSchemaMigrator.applySqlString(AbstractSchemaMigrator.java:574) ~[hibernate-core-6.4.4.Final.jar:6.4.4.Final]
	at org.hibernate.tool.schema.internal.AbstractSchemaMigrator.applySqlStrings(AbstractSchemaMigrator.java:514) ~[hibernate-core-6.4.4.Final.jar:6.4.4.Final]
	at org.hibernate.tool.schema.internal.AbstractSchemaMigrator.migrateTable(AbstractSchemaMigrator.java:333) ~[hibernate-core-6.4.4.Final.jar:6.4.4.Final]
	at org.hibernate.tool.schema.internal.GroupedSchemaMigratorImpl.performTablesMigration(GroupedSchemaMigratorImpl.java:84) ~[hibernate-core-6.4.4.Final.jar:6.4.4.Final]
	at org.hibernate.tool.schema.internal.AbstractSchemaMigrator.performMigration(AbstractSchemaMigrator.java:232) ~[hibernate-core-6.4.4.Final.jar:6.4.4.Final]
	at org.hibernate.tool.schema.internal.AbstractSchemaMigrator.doMigration(AbstractSchemaMigrator.java:117) ~[hibernate-core-6.4.4.Final.jar:6.4.4.Final]
	at org.hibernate.tool.schema.spi.SchemaManagementToolCoordinator.performDatabaseAction(SchemaManagementToolCoordinator.java:286) ~[hibernate-core-6.4.4.Final.jar:6.4.4.Final]
	at org.hibernate.tool.schema.spi.SchemaManagementToolCoordinator.lambda$process$5(SchemaManagementToolCoordinator.java:145) ~[hibernate-core-6.4.4.Final.jar:6.4.4.Final]
	at java.base/java.util.HashMap.forEach(HashMap.java:1421) ~[na:na]
	at org.hibernate.tool.schema.spi.SchemaManagementToolCoordinator.process(SchemaManagementToolCoordinator.java:142) ~[hibernate-core-6.4.4.Final.jar:6.4.4.Final]
	at org.hibernate.boot.internal.SessionFactoryObserverForSchemaExport.sessionFactoryCreated(SessionFactoryObserverForSchemaExport.java:37) ~[hibernate-core-6.4.4.Final.jar:6.4.4.Final]
	at org.hibernate.internal.SessionFactoryObserverChain.sessionFactoryCreated(SessionFactoryObserverChain.java:35) ~[hibernate-core-6.4.4.Final.jar:6.4.4.Final]
	at org.hibernate.internal.SessionFactoryImpl.<init>(SessionFactoryImpl.java:315) ~[hibernate-core-6.4.4.Final.jar:6.4.4.Final]
	at org.hibernate.boot.internal.SessionFactoryBuilderImpl.build(SessionFactoryBuilderImpl.java:450) ~[hibernate-core-6.4.4.Final.jar:6.4.4.Final]
	at org.hibernate.jpa.boot.internal.EntityManagerFactoryBuilderImpl.build(EntityManagerFactoryBuilderImpl.java:1507) ~[hibernate-core-6.4.4.Final.jar:6.4.4.Final]
	at org.springframework.orm.jpa.vendor.SpringHibernateJpaPersistenceProvider.createContainerEntityManagerFactory(SpringHibernateJpaPersistenceProvider.java:75) ~[spring-orm-6.1.4.jar:6.1.4]
	at org.springframework.orm.jpa.LocalContainerEntityManagerFactoryBean.createNativeEntityManagerFactory(LocalContainerEntityManagerFactoryBean.java:388) ~[spring-orm-6.1.4.jar:6.1.4]
	at org.springframework.orm.jpa.AbstractEntityManagerFactoryBean.buildNativeEntityManagerFactory(AbstractEntityManagerFactoryBean.java:409) ~[spring-orm-6.1.4.jar:6.1.4]
	at org.springframework.orm.jpa.AbstractEntityManagerFactoryBean.afterPropertiesSet(AbstractEntityManagerFactoryBean.java:396) ~[spring-orm-6.1.4.jar:6.1.4]
	at org.springframework.orm.jpa.LocalContainerEntityManagerFactoryBean.afterPropertiesSet(LocalContainerEntityManagerFactoryBean.java:364) ~[spring-orm-6.1.4.jar:6.1.4]
	at org.springframework.beans.factory.support.AbstractAutowireCapableBeanFactory.invokeInitMethods(AbstractAutowireCapableBeanFactory.java:1833) ~[spring-beans-6.1.4.jar:6.1.4]
	at org.springframework.beans.factory.support.AbstractAutowireCapableBeanFactory.initializeBean(AbstractAutowireCapableBeanFactory.java:1782) ~[spring-beans-6.1.4.jar:6.1.4]
	at org.springframework.beans.factory.support.AbstractAutowireCapableBeanFactory.doCreateBean(AbstractAutowireCapableBeanFactory.java:600) ~[spring-beans-6.1.4.jar:6.1.4]
	at org.springframework.beans.factory.support.AbstractAutowireCapableBeanFactory.createBean(AbstractAutowireCapableBeanFactory.java:522) ~[spring-beans-6.1.4.jar:6.1.4]
	at org.springframework.beans.factory.support.AbstractBeanFactory.lambda$doGetBean$0(AbstractBeanFactory.java:325) ~[spring-beans-6.1.4.jar:6.1.4]
	at org.springframework.beans.factory.support.DefaultSingletonBeanRegistry.getSingleton(DefaultSingletonBeanRegistry.java:234) ~[spring-beans-6.1.4.jar:6.1.4]
	at org.springframework.beans.factory.support.AbstractBeanFactory.doGetBean(AbstractBeanFactory.java:323) ~[spring-beans-6.1.4.jar:6.1.4]
	at org.springframework.beans.factory.support.AbstractBeanFactory.getBean(AbstractBeanFactory.java:199) ~[spring-beans-6.1.4.jar:6.1.4]
	at org.springframework.context.support.AbstractApplicationContext.getBean(AbstractApplicationContext.java:1231) ~[spring-context-6.1.4.jar:6.1.4]
	at org.springframework.context.support.AbstractApplicationContext.finishBeanFactoryInitialization(AbstractApplicationContext.java:949) ~[spring-context-6.1.4.jar:6.1.4]
	at org.springframework.context.support.AbstractApplicationContext.refresh(AbstractApplicationContext.java:624) ~[spring-context-6.1.4.jar:6.1.4]
	at org.springframework.boot.web.servlet.context.ServletWebServerApplicationContext.refresh(ServletWebServerApplicationContext.java:146) ~[spring-boot-3.2.3.jar:3.2.3]
	at org.springframework.boot.SpringApplication.refresh(SpringApplication.java:754) ~[spring-boot-3.2.3.jar:3.2.3]
	at org.springframework.boot.SpringApplication.refreshContext(SpringApplication.java:456) ~[spring-boot-3.2.3.jar:3.2.3]
	at org.springframework.boot.SpringApplication.run(SpringApplication.java:334) ~[spring-boot-3.2.3.jar:3.2.3]
	at org.springframework.boot.SpringApplication.run(SpringApplication.java:1354) ~[spring-boot-3.2.3.jar:3.2.3]
	at org.springframework.boot.SpringApplication.run(SpringApplication.java:1343) ~[spring-boot-3.2.3.jar:3.2.3]
	at com.uus.Application.main(Application.java:9) ~[classes/:na]
Caused by: java.sql.SQLException: Cannot change column 'id': used in a foreign key constraint 'apply_erasmus_ibfk_1' of table 'uusdb.apply_erasmus'
	at com.mysql.cj.jdbc.exceptions.SQLError.createSQLException(SQLError.java:130) ~[mysql-connector-j-8.3.0.jar:8.3.0]
	at com.mysql.cj.jdbc.exceptions.SQLExceptionsMapping.translateException(SQLExceptionsMapping.java:122) ~[mysql-connector-j-8.3.0.jar:8.3.0]
	at com.mysql.cj.jdbc.StatementImpl.executeInternal(StatementImpl.java:770) ~[mysql-connector-j-8.3.0.jar:8.3.0]
	at com.mysql.cj.jdbc.StatementImpl.execute(StatementImpl.java:653) ~[mysql-connector-j-8.3.0.jar:8.3.0]
	at com.zaxxer.hikari.pool.ProxyStatement.execute(ProxyStatement.java:94) ~[HikariCP-5.0.1.jar:na]
	at com.zaxxer.hikari.pool.HikariProxyStatement.execute(HikariProxyStatement.java) ~[HikariCP-5.0.1.jar:na]
	at org.hibernate.tool.schema.internal.exec.GenerationTargetToDatabase.accept(GenerationTargetToDatabase.java:80) ~[hibernate-core-6.4.4.Final.jar:6.4.4.Final]
	... 38 common frames omitted

2025-01-27T21:01:30.672+01:00  INFO 17916 --- [main] j.LocalContainerEntityManagerFactoryBean : Initialized JPA EntityManagerFactory for persistence unit 'default'
2025-01-27T21:01:30.812+01:00  INFO 17916 --- [main] o.s.d.j.r.query.QueryEnhancerFactory     : Hibernate is in classpath; If applicable, HQL parser will be used.
2025-01-27T21:01:31.078+01:00  WARN 17916 --- [main] JpaBaseConfiguration$JpaWebConfiguration : spring.jpa.open-in-view is enabled by default. Therefore, database queries may be performed during view rendering. Explicitly configure spring.jpa.open-in-view to disable this warning
2025-01-27T21:01:31.141+01:00 DEBUG 17916 --- [main] s.w.s.m.m.a.RequestMappingHandlerMapping : 7 mappings in 'requestMappingHandlerMapping'
2025-01-27T21:01:31.191+01:00 DEBUG 17916 --- [main] o.s.w.s.handler.SimpleUrlHandlerMapping  : Patterns [/webjars/**, /**] in 'resourceHandlerMapping'
2025-01-27T21:01:31.208+01:00 DEBUG 17916 --- [main] s.w.s.m.m.a.RequestMappingHandlerAdapter : ControllerAdvice beans: 0 @ModelAttribute, 0 @InitBinder, 1 RequestBodyAdvice, 1 ResponseBodyAdvice
2025-01-27T21:01:31.233+01:00 DEBUG 17916 --- [main] .m.m.a.ExceptionHandlerExceptionResolver : ControllerAdvice beans: 0 @ExceptionHandler, 1 ResponseBodyAdvice
2025-01-27T21:01:31.302+01:00  INFO 17916 --- [main] o.s.b.w.embedded.tomcat.TomcatWebServer  : Tomcat started on port 8081 (http) with context path ''
2025-01-27T21:01:31.309+01:00  INFO 17916 --- [main] com.uus.Application                      : Started Application in 3.132 seconds (process running for 3.392)
2025-01-27T21:16:33.782+01:00  INFO 17916 --- [http-nio-8081-exec-2] o.a.c.c.C.[Tomcat].[localhost].[/]       : Initializing Spring DispatcherServlet 'dispatcherServlet'
2025-01-27T21:16:33.783+01:00  INFO 17916 --- [http-nio-8081-exec-2] o.s.web.servlet.DispatcherServlet        : Initializing Servlet 'dispatcherServlet'
2025-01-27T21:16:33.783+01:00 DEBUG 17916 --- [http-nio-8081-exec-2] o.s.web.servlet.DispatcherServlet        : Detected StandardServletMultipartResolver
2025-01-27T21:16:33.784+01:00 DEBUG 17916 --- [http-nio-8081-exec-2] o.s.web.servlet.DispatcherServlet        : Detected AcceptHeaderLocaleResolver
2025-01-27T21:16:33.784+01:00 DEBUG 17916 --- [http-nio-8081-exec-2] o.s.web.servlet.DispatcherServlet        : Detected FixedThemeResolver
2025-01-27T21:16:33.785+01:00 DEBUG 17916 --- [http-nio-8081-exec-2] o.s.web.servlet.DispatcherServlet        : Detected org.springframework.web.servlet.view.DefaultRequestToViewNameTranslator@72b4ecb2
2025-01-27T21:16:33.785+01:00 DEBUG 17916 --- [http-nio-8081-exec-2] o.s.web.servlet.DispatcherServlet        : Detected org.springframework.web.servlet.support.SessionFlashMapManager@60660d21
2025-01-27T21:16:33.786+01:00 DEBUG 17916 --- [http-nio-8081-exec-2] o.s.web.servlet.DispatcherServlet        : enableLoggingRequestDetails='false': request parameters and headers will be masked to prevent unsafe logging of potentially sensitive data
2025-01-27T21:16:33.786+01:00  INFO 17916 --- [http-nio-8081-exec-2] o.s.web.servlet.DispatcherServlet        : Completed initialization in 3 ms
2025-01-27T21:16:33.793+01:00 DEBUG 17916 --- [http-nio-8081-exec-2] o.s.web.servlet.DispatcherServlet        : GET "/api/statistics", parameters={}
2025-01-27T21:16:33.802+01:00 DEBUG 17916 --- [http-nio-8081-exec-2] s.w.s.m.m.a.RequestMappingHandlerMapping : Mapped to com.uus.controller.StatisticsController#getStatistics()
2025-01-27T21:16:33.963+01:00 DEBUG 17916 --- [http-nio-8081-exec-2] o.s.w.s.m.m.a.HttpEntityMethodProcessor  : Using 'application/json', given [application/json, text/plain, */*] and supported [application/json, application/*+json]
2025-01-27T21:16:33.966+01:00 DEBUG 17916 --- [http-nio-8081-exec-2] o.s.w.s.m.m.a.HttpEntityMethodProcessor  : Writing [StatisticsDTO(totalPartners=1, partnersByLevel={Bachelor=1}, partnersBySemester={Winter=1}, partners (truncated)...]
2025-01-27T21:16:33.982+01:00 DEBUG 17916 --- [http-nio-8081-exec-2] o.s.web.servlet.DispatcherServlet        : Completed 200 OK
2025-01-27T21:18:24.281+01:00 DEBUG 17916 --- [http-nio-8081-exec-3] o.s.web.servlet.DispatcherServlet        : GET "/api/statistics", parameters={}
2025-01-27T21:18:24.282+01:00 DEBUG 17916 --- [http-nio-8081-exec-3] s.w.s.m.m.a.RequestMappingHandlerMapping : Mapped to com.uus.controller.StatisticsController#getStatistics()
2025-01-27T21:18:24.296+01:00 DEBUG 17916 --- [http-nio-8081-exec-3] o.s.w.s.m.m.a.HttpEntityMethodProcessor  : Using 'application/json', given [application/json, text/plain, */*] and supported [application/json, application/*+json]
2025-01-27T21:18:24.296+01:00 DEBUG 17916 --- [http-nio-8081-exec-3] o.s.w.s.m.m.a.HttpEntityMethodProcessor  : Writing [StatisticsDTO(totalPartners=1, partnersByLevel={Bachelor=1}, partnersBySemester={Winter=1}, partners (truncated)...]
2025-01-27T21:18:24.297+01:00 DEBUG 17916 --- [http-nio-8081-exec-3] o.s.web.servlet.DispatcherServlet        : Completed 200 OK
2025-01-27T21:19:55.731+01:00 DEBUG 17916 --- [http-nio-8081-exec-5] o.s.web.servlet.DispatcherServlet        : GET "/api/statistics", parameters={}
2025-01-27T21:19:55.731+01:00 DEBUG 17916 --- [http-nio-8081-exec-5] s.w.s.m.m.a.RequestMappingHandlerMapping : Mapped to com.uus.controller.StatisticsController#getStatistics()
2025-01-27T21:19:55.743+01:00 DEBUG 17916 --- [http-nio-8081-exec-5] o.s.w.s.m.m.a.HttpEntityMethodProcessor  : Using 'application/json', given [application/json, text/plain, */*] and supported [application/json, application/*+json]
2025-01-27T21:19:55.743+01:00 DEBUG 17916 --- [http-nio-8081-exec-5] o.s.w.s.m.m.a.HttpEntityMethodProcessor  : Writing [StatisticsDTO(totalPartners=1, partnersByLevel={Bachelor=1}, partnersBySemester={Winter=1}, partners (truncated)...]
2025-01-27T21:19:55.744+01:00 DEBUG 17916 --- [http-nio-8081-exec-5] o.s.web.servlet.DispatcherServlet        : Completed 200 OK
2025-01-27T21:24:21.662+01:00 DEBUG 17916 --- [http-nio-8081-exec-7] o.s.web.servlet.DispatcherServlet        : POST "/api/tasks/3/update", parameters={masked}
2025-01-27T21:24:21.663+01:00 DEBUG 17916 --- [http-nio-8081-exec-7] s.w.s.m.m.a.RequestMappingHandlerMapping : Mapped to com.uus.controller.TaskController#updateTask(Long, String, String, Integer)
2025-01-27T21:24:21.807+01:00 DEBUG 17916 --- [http-nio-8081-exec-7] o.s.w.s.m.m.a.HttpEntityMethodProcessor  : Using 'application/json', given [application/json, text/plain, */*] and supported [application/json, application/*+json]
2025-01-27T21:24:21.807+01:00 DEBUG 17916 --- [http-nio-8081-exec-7] o.s.w.s.m.m.a.HttpEntityMethodProcessor  : Writing [com.uus.model.Task@22b64eac]
2025-01-27T21:24:21.810+01:00 DEBUG 17916 --- [http-nio-8081-exec-7] o.s.web.servlet.DispatcherServlet        : Completed 200 OK
2025-01-27T21:24:21.817+01:00 DEBUG 17916 --- [http-nio-8081-exec-8] o.s.web.servlet.DispatcherServlet        : GET "/api/statistics", parameters={}
2025-01-27T21:24:21.819+01:00 DEBUG 17916 --- [http-nio-8081-exec-8] s.w.s.m.m.a.RequestMappingHandlerMapping : Mapped to com.uus.controller.StatisticsController#getStatistics()
2025-01-27T21:24:21.832+01:00 DEBUG 17916 --- [http-nio-8081-exec-8] o.s.w.s.m.m.a.HttpEntityMethodProcessor  : Using 'application/json', given [application/json, text/plain, */*] and supported [application/json, application/*+json]
2025-01-27T21:24:21.832+01:00 DEBUG 17916 --- [http-nio-8081-exec-8] o.s.w.s.m.m.a.HttpEntityMethodProcessor  : Writing [StatisticsDTO(totalPartners=1, partnersByLevel={Bachelor=1}, partnersBySemester={Winter=1}, partners (truncated)...]
2025-01-27T21:24:21.833+01:00 DEBUG 17916 --- [http-nio-8081-exec-8] o.s.web.servlet.DispatcherServlet        : Completed 200 OK
2025-01-27T21:24:43.339+01:00 DEBUG 17916 --- [http-nio-8081-exec-10] o.s.web.servlet.DispatcherServlet        : POST "/api/tasks/3/update", parameters={masked}
2025-01-27T21:24:43.340+01:00 DEBUG 17916 --- [http-nio-8081-exec-10] s.w.s.m.m.a.RequestMappingHandlerMapping : Mapped to com.uus.controller.TaskController#updateTask(Long, String, String, Integer)
2025-01-27T21:24:43.402+01:00 DEBUG 17916 --- [http-nio-8081-exec-10] o.s.w.s.m.m.a.HttpEntityMethodProcessor  : Using 'application/json', given [application/json, text/plain, */*] and supported [application/json, application/*+json]
2025-01-27T21:24:43.403+01:00 DEBUG 17916 --- [http-nio-8081-exec-10] o.s.w.s.m.m.a.HttpEntityMethodProcessor  : Writing [com.uus.model.Task@2278cdf7]
2025-01-27T21:24:43.403+01:00 DEBUG 17916 --- [http-nio-8081-exec-10] o.s.web.servlet.DispatcherServlet        : Completed 200 OK
2025-01-27T21:24:43.410+01:00 DEBUG 17916 --- [http-nio-8081-exec-2] o.s.web.servlet.DispatcherServlet        : GET "/api/statistics", parameters={}
2025-01-27T21:24:43.410+01:00 DEBUG 17916 --- [http-nio-8081-exec-2] s.w.s.m.m.a.RequestMappingHandlerMapping : Mapped to com.uus.controller.StatisticsController#getStatistics()
2025-01-27T21:24:43.430+01:00 DEBUG 17916 --- [http-nio-8081-exec-2] o.s.w.s.m.m.a.HttpEntityMethodProcessor  : Using 'application/json', given [application/json, text/plain, */*] and supported [application/json, application/*+json]
2025-01-27T21:24:43.430+01:00 DEBUG 17916 --- [http-nio-8081-exec-2] o.s.w.s.m.m.a.HttpEntityMethodProcessor  : Writing [StatisticsDTO(totalPartners=1, partnersByLevel={Bachelor=1}, partnersBySemester={Winter=1}, partners (truncated)...]
2025-01-27T21:24:43.432+01:00 DEBUG 17916 --- [http-nio-8081-exec-2] o.s.web.servlet.DispatcherServlet        : Completed 200 OK
2025-01-27T21:25:23.013+01:00 DEBUG 17916 --- [http-nio-8081-exec-3] o.s.web.servlet.DispatcherServlet        : GET "/api/statistics", parameters={}
2025-01-27T21:25:23.014+01:00 DEBUG 17916 --- [http-nio-8081-exec-3] s.w.s.m.m.a.RequestMappingHandlerMapping : Mapped to com.uus.controller.StatisticsController#getStatistics()
2025-01-27T21:25:23.024+01:00 DEBUG 17916 --- [http-nio-8081-exec-3] o.s.w.s.m.m.a.HttpEntityMethodProcessor  : Using 'application/json', given [application/json, text/plain, */*] and supported [application/json, application/*+json]
2025-01-27T21:25:23.025+01:00 DEBUG 17916 --- [http-nio-8081-exec-3] o.s.w.s.m.m.a.HttpEntityMethodProcessor  : Writing [StatisticsDTO(totalPartners=1, partnersByLevel={Bachelor=1}, partnersBySemester={Winter=1}, partners (truncated)...]
2025-01-27T21:25:23.026+01:00 DEBUG 17916 --- [http-nio-8081-exec-3] o.s.web.servlet.DispatcherServlet        : Completed 200 OK
2025-01-27T21:31:10.927+01:00 DEBUG 17916 --- [http-nio-8081-exec-5] o.s.web.servlet.DispatcherServlet        : GET "/api/statistics", parameters={}
2025-01-27T21:31:10.928+01:00 DEBUG 17916 --- [http-nio-8081-exec-5] s.w.s.m.m.a.RequestMappingHandlerMapping : Mapped to com.uus.controller.StatisticsController#getStatistics()
2025-01-27T21:31:10.944+01:00 DEBUG 17916 --- [http-nio-8081-exec-5] o.s.w.s.m.m.a.HttpEntityMethodProcessor  : Using 'application/json', given [application/json, text/plain, */*] and supported [application/json, application/*+json]
2025-01-27T21:31:10.945+01:00 DEBUG 17916 --- [http-nio-8081-exec-5] o.s.w.s.m.m.a.HttpEntityMethodProcessor  : Writing [StatisticsDTO(totalPartners=1, partnersByLevel={Bachelor=1}, partnersBySemester={Winter=1}, partners (truncated)...]
2025-01-27T21:31:10.946+01:00 DEBUG 17916 --- [http-nio-8081-exec-5] o.s.web.servlet.DispatcherServlet        : Completed 200 OK
2025-01-27T21:31:18.813+01:00 DEBUG 17916 --- [http-nio-8081-exec-7] o.s.web.servlet.DispatcherServlet        : GET "/api/statistics", parameters={}
2025-01-27T21:31:18.813+01:00 DEBUG 17916 --- [http-nio-8081-exec-7] s.w.s.m.m.a.RequestMappingHandlerMapping : Mapped to com.uus.controller.StatisticsController#getStatistics()
2025-01-27T21:31:18.824+01:00 DEBUG 17916 --- [http-nio-8081-exec-7] o.s.w.s.m.m.a.HttpEntityMethodProcessor  : Using 'application/json', given [application/json, text/plain, */*] and supported [application/json, application/*+json]
2025-01-27T21:31:18.824+01:00 DEBUG 17916 --- [http-nio-8081-exec-7] o.s.w.s.m.m.a.HttpEntityMethodProcessor  : Writing [StatisticsDTO(totalPartners=1, partnersByLevel={Bachelor=1}, partnersBySemester={Winter=1}, partners (truncated)...]
2025-01-27T21:31:18.825+01:00 DEBUG 17916 --- [http-nio-8081-exec-7] o.s.web.servlet.DispatcherServlet        : Completed 200 OK
2025-01-27T21:31:58.588+01:00 DEBUG 17916 --- [http-nio-8081-exec-9] o.s.web.servlet.DispatcherServlet        : GET "/api/statistics", parameters={}
2025-01-27T21:31:58.589+01:00 DEBUG 17916 --- [http-nio-8081-exec-9] s.w.s.m.m.a.RequestMappingHandlerMapping : Mapped to com.uus.controller.StatisticsController#getStatistics()
2025-01-27T21:31:58.619+01:00 DEBUG 17916 --- [http-nio-8081-exec-9] o.s.w.s.m.m.a.HttpEntityMethodProcessor  : Using 'application/json', given [application/json, text/plain, */*] and supported [application/json, application/*+json]
2025-01-27T21:31:58.619+01:00 DEBUG 17916 --- [http-nio-8081-exec-9] o.s.w.s.m.m.a.HttpEntityMethodProcessor  : Writing [StatisticsDTO(totalPartners=1, partnersByLevel={Bachelor=1}, partnersBySemester={Winter=1}, partners (truncated)...]
2025-01-27T21:31:58.619+01:00 DEBUG 17916 --- [http-nio-8081-exec-9] o.s.web.servlet.DispatcherServlet        : Completed 200 OK
2025-01-27T21:32:04.851+01:00 DEBUG 17916 --- [http-nio-8081-exec-2] o.s.web.servlet.DispatcherServlet        : GET "/api/statistics", parameters={}
2025-01-27T21:32:04.852+01:00 DEBUG 17916 --- [http-nio-8081-exec-2] s.w.s.m.m.a.RequestMappingHandlerMapping : Mapped to com.uus.controller.StatisticsController#getStatistics()
2025-01-27T21:32:04.862+01:00 DEBUG 17916 --- [http-nio-8081-exec-2] o.s.w.s.m.m.a.HttpEntityMethodProcessor  : Using 'application/json', given [application/json, text/plain, */*] and supported [application/json, application/*+json]
2025-01-27T21:32:04.863+01:00 DEBUG 17916 --- [http-nio-8081-exec-2] o.s.w.s.m.m.a.HttpEntityMethodProcessor  : Writing [StatisticsDTO(totalPartners=1, partnersByLevel={Bachelor=1}, partnersBySemester={Winter=1}, partners (truncated)...]
2025-01-27T21:32:04.864+01:00 DEBUG 17916 --- [http-nio-8081-exec-2] o.s.web.servlet.DispatcherServlet        : Completed 200 OK
2025-01-27T21:33:13.069+01:00 DEBUG 17916 --- [http-nio-8081-exec-3] o.s.web.servlet.DispatcherServlet        : GET "/api/statistics", parameters={}
2025-01-27T21:33:13.069+01:00 DEBUG 17916 --- [http-nio-8081-exec-3] s.w.s.m.m.a.RequestMappingHandlerMapping : Mapped to com.uus.controller.StatisticsController#getStatistics()
2025-01-27T21:33:13.079+01:00 DEBUG 17916 --- [http-nio-8081-exec-3] o.s.w.s.m.m.a.HttpEntityMethodProcessor  : Using 'application/json', given [application/json, text/plain, */*] and supported [application/json, application/*+json]
2025-01-27T21:33:13.079+01:00 DEBUG 17916 --- [http-nio-8081-exec-3] o.s.w.s.m.m.a.HttpEntityMethodProcessor  : Writing [StatisticsDTO(totalPartners=1, partnersByLevel={Bachelor=1}, partnersBySemester={Winter=1}, partners (truncated)...]
2025-01-27T21:33:13.080+01:00 DEBUG 17916 --- [http-nio-8081-exec-3] o.s.web.servlet.DispatcherServlet        : Completed 200 OK
